[2013-03-28 10:20:36] request.ERROR: Uncaught PHP Exception Symfony\Component\HttpKernel\Exception\NotFoundHttpException: "No route found for "GET /app/web/config.php"" at /home/nuno/projects/personal/scruno-board/vendor/symfony/symfony/src/Symfony/Component/HttpKernel/EventListener/RouterListener.php line 94 [] []
[2013-03-28 10:20:41] request.ERROR: Uncaught PHP Exception Symfony\Component\HttpKernel\Exception\NotFoundHttpException: "No route found for "GET /app/web/config.php"" at /home/nuno/projects/personal/scruno-board/vendor/symfony/symfony/src/Symfony/Component/HttpKernel/EventListener/RouterListener.php line 94 [] []
[2013-03-28 10:25:52] request.ERROR: Uncaught PHP Exception Symfony\Component\HttpKernel\Exception\NotFoundHttpException: "No route found for "GET /bundles/framework/images/input_bg.gif"" at /home/nuno/projects/personal/scruno-board/app/cache/prod/classes.php line 3587 [] []
[2013-03-28 10:26:11] request.ERROR: Uncaught PHP Exception Symfony\Component\HttpKernel\Exception\NotFoundHttpException: "No route found for "GET /bundles/framework/images/input_bg.gif"" at /home/nuno/projects/personal/scruno-board/app/cache/prod/classes.php line 3587 [] []
[2013-03-28 10:57:32] request.ERROR: Uncaught PHP Exception Symfony\Component\HttpKernel\Exception\NotFoundHttpException: "No route found for "GET /"" at /home/nuno/projects/personal/scruno-board/app/cache/prod/classes.php line 3587 [] []
[2013-03-29 09:31:37] request.ERROR: Uncaught PHP Exception Symfony\Component\HttpKernel\Exception\NotFoundHttpException: "No route found for "GET /"" at /home/nuno/projects/personal/scruno-board/app/cache/prod/classes.php line 3587 [] []
[2013-03-29 18:06:18] request.ERROR: Uncaught PHP Exception Symfony\Component\HttpKernel\Exception\NotFoundHttpException: "No route found for "POST /board/1/bulk/status"" at /home/nuno/projects/personal/scruno-board/vendor/symfony/symfony/src/Symfony/Component/HttpKernel/EventListener/RouterListener.php line 94 [] []
[2013-03-29 18:06:41] request.ERROR: Uncaught PHP Exception Symfony\Component\HttpKernel\Exception\NotFoundHttpException: "No route found for "POST /board/1/bulk/status"" at /home/nuno/projects/personal/scruno-board/vendor/symfony/symfony/src/Symfony/Component/HttpKernel/EventListener/RouterListener.php line 94 [] []
[2013-03-29 18:06:45] request.ERROR: Uncaught PHP Exception Symfony\Component\HttpKernel\Exception\NotFoundHttpException: "No route found for "POST /board/1/bulk/status"" at /home/nuno/projects/personal/scruno-board/app/cache/prod/classes.php line 3587 [] []
[2013-03-29 18:06:56] request.ERROR: Uncaught PHP Exception Symfony\Component\HttpKernel\Exception\NotFoundHttpException: "No route found for "POST /board/1/bulk/status"" at /home/nuno/projects/personal/scruno-board/app/cache/prod/classes.php line 3587 [] []
[2013-03-29 18:11:37] request.ERROR: Uncaught PHP Exception Symfony\Component\HttpKernel\Exception\NotFoundHttpException: "No route found for "POST /board/1/bulk/status"" at /home/nuno/projects/personal/scruno-board/app/cache/prod/classes.php line 3587 [] []
[2013-03-29 18:11:40] request.ERROR: Uncaught PHP Exception Symfony\Component\HttpKernel\Exception\NotFoundHttpException: "No route found for "POST /board/1/bulk/status"" at /home/nuno/projects/personal/scruno-board/app/cache/prod/classes.php line 3587 [] []
[2013-03-29 18:11:44] request.ERROR: Uncaught PHP Exception Symfony\Component\HttpKernel\Exception\NotFoundHttpException: "No route found for "POST /board/1/bulk/status"" at /home/nuno/projects/personal/scruno-board/app/cache/prod/classes.php line 3587 [] []
[2013-03-29 18:25:28] request.INFO: Matched route "board_view" (parameters: "_controller": "Scruno\BoardBundle\Controller\BoardController::indexAction", "output": "status", "id": "bulk", "_route": "board_view") [] []
[2013-03-29 18:25:28] request.CRITICAL: Uncaught PHP Exception InvalidArgumentException: "Method "Scruno\BoardBundle\Controller\BoardController::indexAction" does not exist." at /home/nuno/projects/personal/scruno-board/app/cache/prod/classes.php line 3649 [] []
[2013-03-29 18:25:36] request.INFO: Matched route "board_view" (parameters: "_controller": "Scruno\BoardBundle\Controller\BoardController::indexAction", "output": "status", "id": "bulk", "_route": "board_view") [] []
[2013-03-29 18:25:36] request.CRITICAL: Uncaught PHP Exception InvalidArgumentException: "Method "Scruno\BoardBundle\Controller\BoardController::indexAction" does not exist." at /home/nuno/projects/personal/scruno-board/app/cache/prod/classes.php line 3649 [] []
[2013-03-29 18:26:19] request.INFO: Matched route "board_view" (parameters: "_controller": "Scruno\BoardBundle\Controller\BoardController::indexAction", "output": "status", "id": "bulk", "_route": "board_view") [] []
[2013-03-29 18:26:19] request.CRITICAL: Uncaught PHP Exception InvalidArgumentException: "Method "Scruno\BoardBundle\Controller\BoardController::indexAction" does not exist." at /home/nuno/projects/personal/scruno-board/app/cache/prod/classes.php line 3649 [] []
[2013-03-29 18:26:23] request.INFO: Matched route "board_view" (parameters: "_controller": "Scruno\BoardBundle\Controller\BoardController::indexAction", "output": "status", "id": "bulk", "_route": "board_view") [] []
[2013-03-29 18:26:23] request.CRITICAL: Uncaught PHP Exception InvalidArgumentException: "Method "Scruno\BoardBundle\Controller\BoardController::indexAction" does not exist." at /home/nuno/projects/personal/scruno-board/app/cache/prod/classes.php line 3649 [] []
[2013-03-29 18:58:43] request.INFO: Matched route "board_view" (parameters: "_controller": "Scruno\BoardBundle\Controller\BoardController::indexAction", "output": "status", "id": "bulk", "_route": "board_view") [] []
[2013-03-29 18:58:43] request.CRITICAL: Uncaught PHP Exception InvalidArgumentException: "Method "Scruno\BoardBundle\Controller\BoardController::indexAction" does not exist." at /home/nuno/projects/personal/scruno-board/app/cache/prod/classes.php line 3649 [] []
[2013-03-29 18:59:15] request.INFO: Matched route "board_view" (parameters: "_controller": "Scruno\BoardBundle\Controller\BoardController::indexAction", "output": "status", "id": "bulk", "_route": "board_view") [] []
[2013-03-29 18:59:15] request.CRITICAL: Uncaught PHP Exception InvalidArgumentException: "Method "Scruno\BoardBundle\Controller\BoardController::indexAction" does not exist." at /home/nuno/projects/personal/scruno-board/app/cache/prod/classes.php line 3649 [] []
[2013-03-29 18:59:16] request.INFO: Matched route "board_view" (parameters: "_controller": "Scruno\BoardBundle\Controller\BoardController::indexAction", "output": "status", "id": "bulk", "_route": "board_view") [] []
[2013-03-29 18:59:16] request.CRITICAL: Uncaught PHP Exception InvalidArgumentException: "Method "Scruno\BoardBundle\Controller\BoardController::indexAction" does not exist." at /home/nuno/projects/personal/scruno-board/app/cache/prod/classes.php line 3649 [] []
[2013-03-29 18:59:16] request.INFO: Matched route "board_view" (parameters: "_controller": "Scruno\BoardBundle\Controller\BoardController::indexAction", "output": "status", "id": "bulk", "_route": "board_view") [] []
[2013-03-29 18:59:16] request.CRITICAL: Uncaught PHP Exception InvalidArgumentException: "Method "Scruno\BoardBundle\Controller\BoardController::indexAction" does not exist." at /home/nuno/projects/personal/scruno-board/app/cache/prod/classes.php line 3649 [] []
[2013-03-29 18:59:25] request.INFO: Matched route "board_view" (parameters: "_controller": "Scruno\BoardBundle\Controller\BoardController::indexAction", "output": "status", "id": "bulk", "_route": "board_view") [] []
[2013-03-29 18:59:25] request.CRITICAL: Uncaught PHP Exception InvalidArgumentException: "Method "Scruno\BoardBundle\Controller\BoardController::indexAction" does not exist." at /home/nuno/projects/personal/scruno-board/app/cache/prod/classes.php line 3649 [] []
[2013-03-29 18:59:26] request.INFO: Matched route "board_view" (parameters: "_controller": "Scruno\BoardBundle\Controller\BoardController::indexAction", "output": "status", "id": "bulk", "_route": "board_view") [] []
[2013-03-29 18:59:26] request.CRITICAL: Uncaught PHP Exception InvalidArgumentException: "Method "Scruno\BoardBundle\Controller\BoardController::indexAction" does not exist." at /home/nuno/projects/personal/scruno-board/app/cache/prod/classes.php line 3649 [] []
